0 info it worked if it ends with ok
1 verbose cli [ '/Users/Hector/.nvm/versions/node/v8.9.4/bin/node',
1 verbose cli   '/Users/Hector/.nvm/versions/node/v8.9.4/bin/npm',
1 verbose cli   'run',
1 verbose cli   'dev' ]
2 info using npm@5.6.0
3 info using node@v8.9.4
4 verbose stack Error: missing script: dev
4 verbose stack     at run (/Users/Hector/.nvm/versions/node/v8.9.4/lib/node_modules/npm/lib/run-script.js:151:19)
4 verbose stack     at /Users/Hector/.nvm/versions/node/v8.9.4/lib/node_modules/npm/lib/run-script.js:61:5
4 verbose stack     at /Users/Hector/.nvm/versions/node/v8.9.4/lib/node_modules/npm/node_modules/read-package-json/read-json.js:115:5
4 verbose stack     at /Users/Hector/.nvm/versions/node/v8.9.4/lib/node_modules/npm/node_modules/read-package-json/read-json.js:402:5
4 verbose stack     at checkBinReferences_ (/Users/Hector/.nvm/versions/node/v8.9.4/lib/node_modules/npm/node_modules/read-package-json/read-json.js:357:45)
4 verbose stack     at final (/Users/Hector/.nvm/versions/node/v8.9.4/lib/node_modules/npm/node_modules/read-package-json/read-json.js:400:3)
4 verbose stack     at then (/Users/Hector/.nvm/versions/node/v8.9.4/lib/node_modules/npm/node_modules/read-package-json/read-json.js:160:5)
4 verbose stack     at /Users/Hector/.nvm/versions/node/v8.9.4/lib/node_modules/npm/node_modules/read-package-json/read-json.js:280:12
4 verbose stack     at /Users/Hector/.nvm/versions/node/v8.9.4/lib/node_modules/npm/node_modules/graceful-fs/graceful-fs.js:78:16
4 verbose stack     at FSReqWrap.readFileAfterClose [as oncomplete] (fs.js:511:3)
5 verbose cwd /Users/Hector/Documents/Loro_Studios/Training/React + Node/server/client
6 verbose Darwin 17.3.0
7 verbose argv "/Users/Hector/.nvm/versions/node/v8.9.4/bin/node" "/Users/Hector/.nvm/versions/node/v8.9.4/bin/npm" "run" "dev"
8 verbose node v8.9.4
9 verbose npm  v5.6.0
10 error missing script: dev
11 verbose exit [ 1, true ]
