0 info it worked if it ends with ok
1 verbose cli [ '/Users/Hector/.nvm/versions/node/v8.9.4/bin/node',
1 verbose cli   '/Users/Hector/.nvm/versions/node/v8.9.4/bin/npm',
1 verbose cli   'start',
1 verbose cli   'dev' ]
2 info using npm@5.6.0
3 info using node@v8.9.4
4 verbose run-script [ 'prestart', 'start', 'poststart' ]
5 info lifecycle server@1.0.0~prestart: server@1.0.0
6 info lifecycle server@1.0.0~start: server@1.0.0
7 verbose lifecycle server@1.0.0~start: unsafe-perm in lifecycle true
8 verbose lifecycle server@1.0.0~start: PATH: /Users/Hector/.nvm/versions/node/v8.9.4/lib/node_modules/npm/node_modules/npm-lifecycle/node-gyp-bin:/Users/Hector/Documents/Loro_Studios/Training/React + Node/server/node_modules/.bin:/Users/Hector/.nvm/versions/node/v8.9.4/bin:/usr/local/bin:/usr/local/bin:/usr/bin:/bin:/usr/sbin:/sbin:/Library/Frameworks/Mono.framework/Versions/Current/Commands:/Applications/Wireshark.app/Contents/MacOS:/Users/Hector/.composer/vendor/bin:/Users/Hector/Library/Android/sdk/platform-tools/:/Users/Hector/.composer/vendor/bin:/Users/Hector/Library/Android/sdk/platform-tools/
9 verbose lifecycle server@1.0.0~start: CWD: /Users/Hector/Documents/Loro_Studios/Training/React + Node/server
10 silly lifecycle server@1.0.0~start: Args: [ '-c', 'node index.js "dev"' ]
11 silly lifecycle server@1.0.0~start: Returned: code: 1  signal: null
12 info lifecycle server@1.0.0~start: Failed to exec start script
13 verbose stack Error: server@1.0.0 start: `node index.js "dev"`
13 verbose stack Exit status 1
13 verbose stack     at EventEmitter.<anonymous> (/Users/Hector/.nvm/versions/node/v8.9.4/lib/node_modules/npm/node_modules/npm-lifecycle/index.js:285:16)
13 verbose stack     at emitTwo (events.js:126:13)
13 verbose stack     at EventEmitter.emit (events.js:214:7)
13 verbose stack     at ChildProcess.<anonymous> (/Users/Hector/.nvm/versions/node/v8.9.4/lib/node_modules/npm/node_modules/npm-lifecycle/lib/spawn.js:55:14)
13 verbose stack     at emitTwo (events.js:126:13)
13 verbose stack     at ChildProcess.emit (events.js:214:7)
13 verbose stack     at maybeClose (internal/child_process.js:925:16)
13 verbose stack     at Process.ChildProcess._handle.onexit (internal/child_process.js:209:5)
14 verbose pkgid server@1.0.0
15 verbose cwd /Users/Hector/Documents/Loro_Studios/Training/React + Node/server
16 verbose Darwin 17.3.0
17 verbose argv "/Users/Hector/.nvm/versions/node/v8.9.4/bin/node" "/Users/Hector/.nvm/versions/node/v8.9.4/bin/npm" "start" "dev"
18 verbose node v8.9.4
19 verbose npm  v5.6.0
20 error code ELIFECYCLE
21 error errno 1
22 error server@1.0.0 start: `node index.js "dev"`
22 error Exit status 1
23 error Failed at the server@1.0.0 start script.
23 error This is probably not a problem with npm. There is likely additional logging output above.
24 verbose exit [ 1, true ]
